20250510-173247-5893 71495 * BindToPort      (udptransport.cc:177): Binding to 127.0.0.1:8080
20250510-173247-5907 71495 * Register        (udptransport.cc:379): Listening on UDP port 8080
20250510-173247-5955 71495 * VRReplica       (replica.cc:76):    Batching enabled; batch size 32
20250510-173339-5462 71495 * SignalCallback  (udptransport.cc:775): Terminating on SIGTERM/SIGINT
20250510-173339-5542 71495 * LATENCY request: 1818 ns 30 us/8192 ns 2603 us (253 samples, 7803 us total)
20250510-173339-5556 71495 *    1024 ns |          2 | =
20250510-173339-5577 71495 *    2048 ns |         24 | ================
20250510-173339-5629 71495 *    4096 ns |         54 | ====================================
20250510-173339-5640 71495 *    8192 ns |         75 | ==================================================
20250510-173339-5679 71495 *      16 us |         51 | ==================================
20250510-173339-5695 71495 *      32 us |         39 | ==========================
20250510-173339-5705 71495 *      65 us |          3 | ==
20250510-173339-5715 71495 *     131 us |          4 | ==
20250510-173339-5720 71495 *        ... |
20250510-173339-5731 71495 *    2097 us |          1 | 
20250510-173339-5735 71495 * LATENCY executeAndReply: 10 us 58 us/32 us 273 us (251 samples, 14 ms total)
20250510-173339-5739 71495 *    8192 ns |         18 | =========
20250510-173339-5743 71495 *      16 us |         53 | ===========================
20250510-173339-5745 71495 *      32 us |         97 | ==================================================
20250510-173339-5747 71495 *      65 us |         67 | ==================================
20250510-173339-5750 71495 *     131 us |         15 | =======
20250510-173339-5752 71495 *     262 us |          1 | 
