20250510-154642-4770 69740 * BindToPort      (udptransport.cc:177): Binding to 127.0.0.1:8080
20250510-154642-4785 69740 * Register        (udptransport.cc:379): Listening on UDP port 8080
20250510-154657-8236 69740 * SignalCallback  (udptransport.cc:775): Terminating on SIGTERM/SIGINT
20250510-154657-8251 69740 * LATENCY request: 4628 ns 15 us/8192 ns 20 ms (120900 samples, 1859 ms total)
20250510-154657-8259 69740 *    4096 ns |      54585 | ==================================================
20250510-154657-8265 69740 *    8192 ns |      36787 | =================================
20250510-154657-8273 69740 *      16 us |      20576 | ==================
20250510-154657-8281 69740 *      32 us |       6180 | =====
20250510-154657-8288 69740 *      65 us |       2364 | ==
20250510-154657-8295 69740 *     131 us |        319 | 
20250510-154657-8304 69740 *     262 us |         62 | 
20250510-154657-8318 69740 *     524 us |         15 | 
20250510-154657-8329 69740 *    1048 us |          3 | 
20250510-154657-8340 69740 *    2097 us |          4 | 
20250510-154657-8350 69740 *    4194 us |          2 | 
20250510-154657-8357 69740 *    8388 us |          1 | 
20250510-154657-8365 69740 *      16 ms |          2 | 
20250510-154657-8376 69740 * LATENCY executeAndReply: 1667 ns 16 us/8192 ns 4305 us (120900 samples, 1964 ms total)
20250510-154657-8386 69740 *    1024 ns |         20 | 
20250510-154657-8393 69740 *    2048 ns |        179 | 
20250510-154657-8403 69740 *    4096 ns |       4022 | ==
20250510-154657-8413 69740 *    8192 ns |      89203 | ==================================================
20250510-154657-8421 69740 *      16 us |      20750 | ===========
20250510-154657-8436 69740 *      32 us |       5804 | ===
20250510-154657-8447 69740 *      65 us |        737 | 
20250510-154657-8456 69740 *     131 us |        158 | 
20250510-154657-8461 69740 *     262 us |         19 | 
20250510-154657-8470 69740 *     524 us |          7 | 
20250510-154657-8476 69740 *    1048 us |          0 |
20250510-154657-8481 69740 *    2097 us |          0 |
20250510-154657-8488 69740 *    4194 us |          1 | 
